{
  "stats": {
    "suites": 1,
    "tests": 4,
    "passes": 4,
    "pending": 0,
    "failures": 0,
    "start": "2021-01-18T08:17:21.179Z",
    "end": "2021-01-18T08:18:16.688Z",
    "duration": 55509,
    "testsRegistered": 74,
    "passPercent": 5.405405405405405,
    "pendingPercent": 0,
    "other": 0,
    "hasOther": false,
    "skipped": 70,
    "hasSkipped": true
  },
  "results": [
    {
      "uuid": "f84b672c-699b-49ba-a820-c33125118f08",
      "title": "",
      "fullFile": "",
      "file": "",
      "beforeHooks": [],
      "afterHooks": [],
      "tests": [],
      "suites": [
        {
          "uuid": "2daff350-e864-40e8-852c-5f6e3983a24f",
          "title": "End to end Scenario of a user to get a Border compliant status without ATA Carnet @norun",
          "fullFile": "",
          "file": "",
          "beforeHooks": [
            {
              "title": "\"before all\" hook: codeceptjs.beforeSuite",
              "fullTitle": "End to end Scenario of a user to get a Border compliant status without ATA Carnet @norun \"before all\" hook: codeceptjs.beforeSuite",
              "timedOut": false,
              "duration": 0,
              "state": null,
              "speed": null,
              "pass": false,
              "fail": false,
              "pending": false,
              "context": null,
              "code": "scenario.suiteSetup(suite)",
              "err": {},
              "uuid": "f9405414-733e-4640-a86f-d4c8e54de80b",
              "parentUUID": null,
              "isHook": true,
              "skipped": false
            },
            {
              "title": "\"before each\" hook: codeceptjs.before",
              "fullTitle": "End to end Scenario of a user to get a Border compliant status without ATA Carnet @norun \"before each\" hook: codeceptjs.before",
              "timedOut": false,
              "duration": 0,
              "state": null,
              "speed": null,
              "pass": false,
              "fail": false,
              "pending": false,
              "context": null,
              "code": "scenario.setup(suite)",
              "err": {},
              "uuid": "bc88f8d6-aac8-4330-90cd-ceb2b0773774",
              "parentUUID": null,
              "isHook": true,
              "skipped": false
            }
          ],
          "afterHooks": [
            {
              "title": "\"after all\" hook: codeceptjs.afterSuite",
              "fullTitle": "End to end Scenario of a user to get a Border compliant status without ATA Carnet @norun \"after all\" hook: codeceptjs.afterSuite",
              "timedOut": false,
              "duration": 0,
              "state": null,
              "speed": null,
              "pass": false,
              "fail": false,
              "pending": false,
              "context": null,
              "code": "scenario.suiteTeardown(suite)",
              "err": {},
              "uuid": "e8d4d49d-089f-436e-a8b1-96afccc75832",
              "parentUUID": null,
              "isHook": true,
              "skipped": false
            },
            {
              "title": "\"after each\" hook: codeceptjs.after",
              "fullTitle": "End to end Scenario of a user to get a Border compliant status without ATA Carnet @norun \"after each\" hook: codeceptjs.after",
              "timedOut": false,
              "duration": 0,
              "state": null,
              "speed": null,
              "pass": false,
              "fail": false,
              "pending": false,
              "context": null,
              "code": "scenario.teardown(suite)",
              "err": {},
              "uuid": "413aad90-053b-43ce-90a9-5e5c44968932",
              "parentUUID": null,
              "isHook": true,
              "skipped": false
            }
          ],
          "tests": [
            {
              "title": "Travelling via Dover without ATA Carnet document {\"Need Permit\":\"No, I dont need one\",\"Permit Result\":\"Permit issued\"}",
              "fullTitle": "End to end Scenario of a user to get a Border compliant status without ATA Carnet @norun Travelling via Dover without ATA Carnet document {\"Need Permit\":\"No, I dont need one\",\"Permit Result\":\"Permit issued\"}",
              "timedOut": false,
              "duration": 0,
              "state": null,
              "speed": null,
              "pass": false,
              "fail": false,
              "pending": false,
              "context": null,
              "code": "runSteps(addExampleInTable(exampleSteps, current)",
              "err": {},
              "uuid": "47892f88-d022-463e-8152-664554feebd2",
              "parentUUID": null,
              "isHook": false,
              "skipped": true
            },
            {
              "title": "Travelling via Dover without ATA Carnet document {\"Need Permit\":\"Yes, I have a stamped one\",\"Permit Result\":\"Permit issued\"}",
              "fullTitle": "End to end Scenario of a user to get a Border compliant status without ATA Carnet @norun Travelling via Dover without ATA Carnet document {\"Need Permit\":\"Yes, I have a stamped one\",\"Permit Result\":\"Permit issued\"}",
              "timedOut": false,
              "duration": 0,
              "state": null,
              "speed": null,
              "pass": false,
              "fail": false,
              "pending": false,
              "context": null,
              "code": "runSteps(addExampleInTable(exampleSteps, current)",
              "err": {},
              "uuid": "a3b2f0d1-3b69-402c-8047-992fd091b3c8",
              "parentUUID": null,
              "isHook": false,
              "skipped": true
            },
            {
              "title": "Travelling via Dover without ATA Carnet document {\"Need Permit\":\"Yes, but I need to get it stamped\",\"Permit Result\":\"Conditional permit issued\"}",
              "fullTitle": "End to end Scenario of a user to get a Border compliant status without ATA Carnet @norun Travelling via Dover without ATA Carnet document {\"Need Permit\":\"Yes, but I need to get it stamped\",\"Permit Result\":\"Conditional permit issued\"}",
              "timedOut": false,
              "duration": 0,
              "state": null,
              "speed": null,
              "pass": false,
              "fail": false,
              "pending": false,
              "context": null,
              "code": "runSteps(addExampleInTable(exampleSteps, current)",
              "err": {},
              "uuid": "106ce475-a7d9-4ada-a109-f328661ef7b5",
              "parentUUID": null,
              "isHook": false,
              "skipped": true
            },
            {
              "title": "Travelling via Dover without ATA Carnet document {\"Need Permit\":\"Yes, but I dont have one\",\"Permit Result\":\"No permit issued\"}",
              "fullTitle": "End to end Scenario of a user to get a Border compliant status without ATA Carnet @norun Travelling via Dover without ATA Carnet document {\"Need Permit\":\"Yes, but I dont have one\",\"Permit Result\":\"No permit issued\"}",
              "timedOut": false,
              "duration": 0,
              "state": null,
              "speed": null,
              "pass": false,
              "fail": false,
              "pending": false,
              "context": null,
              "code": "runSteps(addExampleInTable(exampleSteps, current)",
              "err": {},
              "uuid": "fc4cfa57-0733-45bc-85ba-efa027989942",
              "parentUUID": null,
              "isHook": false,
              "skipped": true
            }
          ],
          "suites": [],
          "passes": [],
          "failures": [],
          "pending": [],
          "skipped": [
            "47892f88-d022-463e-8152-664554feebd2",
            "a3b2f0d1-3b69-402c-8047-992fd091b3c8",
            "106ce475-a7d9-4ada-a109-f328661ef7b5",
            "fc4cfa57-0733-45bc-85ba-efa027989942"
          ],
          "duration": 0,
          "root": false,
          "rootEmpty": false,
          "_timeout": 0
        },
        {
          "uuid": "fd31a21f-2815-4514-9641-417bbc23f232",
          "title": "Screen level validations for Will the vehicle be empty when departing Great Britain? @no",
          "fullFile": "",
          "file": "",
          "beforeHooks": [
            {
              "title": "\"before all\" hook: codeceptjs.beforeSuite",
              "fullTitle": "Screen level validations for Will the vehicle be empty when departing Great Britain? @no \"before all\" hook: codeceptjs.beforeSuite",
              "timedOut": false,
              "duration": 0,
              "state": null,
              "speed": null,
              "pass": false,
              "fail": false,
              "pending": false,
              "context": null,
              "code": "scenario.suiteSetup(suite)",
              "err": {},
              "uuid": "257e8f5e-0392-49ec-8331-d3b8d2072da8",
              "parentUUID": null,
              "isHook": true,
              "skipped": false
            },
            {
              "title": "\"before each\" hook: codeceptjs.before",
              "fullTitle": "Screen level validations for Will the vehicle be empty when departing Great Britain? @no \"before each\" hook: codeceptjs.before",
              "timedOut": false,
              "duration": 0,
              "state": null,
              "speed": null,
              "pass": false,
              "fail": false,
              "pending": false,
              "context": null,
              "code": "scenario.setup(suite)",
              "err": {},
              "uuid": "08d3ed1d-d4fb-4f45-975f-c51aab66f033",
              "parentUUID": null,
              "isHook": true,
              "skipped": false
            }
          ],
          "afterHooks": [
            {
              "title": "\"after all\" hook: codeceptjs.afterSuite",
              "fullTitle": "Screen level validations for Will the vehicle be empty when departing Great Britain? @no \"after all\" hook: codeceptjs.afterSuite",
              "timedOut": false,
              "duration": 0,
              "state": null,
              "speed": null,
              "pass": false,
              "fail": false,
              "pending": false,
              "context": null,
              "code": "scenario.suiteTeardown(suite)",
              "err": {},
              "uuid": "bb938f7d-03c4-412c-b6df-6d12166896aa",
              "parentUUID": null,
              "isHook": true,
              "skipped": false
            },
            {
              "title": "\"after each\" hook: codeceptjs.after",
              "fullTitle": "Screen level validations for Will the vehicle be empty when departing Great Britain? @no \"after each\" hook: codeceptjs.after",
              "timedOut": false,
              "duration": 0,
              "state": null,
              "speed": null,
              "pass": false,
              "fail": false,
              "pending": false,
              "context": null,
              "code": "scenario.teardown(suite)",
              "err": {},
              "uuid": "365d9a44-44d4-450c-8160-91c502e0776e",
              "parentUUID": null,
              "isHook": true,
              "skipped": false
            }
          ],
          "tests": [
            {
              "title": "User is in home page and navigates to Will the vehicle be empty when departing Great Britain? and user selects Yes {\"Response\":\"Yes\",\"Expected Result\":\"To which email address should we send the permit?\"}",
              "fullTitle": "Screen level validations for Will the vehicle be empty when departing Great Britain? @no User is in home page and navigates to Will the vehicle be empty when departing Great Britain? and user selects Yes {\"Response\":\"Yes\",\"Expected Result\":\"To which email address should we send the permit?\"}",
              "timedOut": false,
              "duration": 0,
              "state": null,
              "speed": null,
              "pass": false,
              "fail": false,
              "pending": false,
              "context": null,
              "code": "runSteps(addExampleInTable(exampleSteps, current)",
              "err": {},
              "uuid": "a47f2a4c-c8bf-4326-a7a5-ed06e743c0e0",
              "parentUUID": null,
              "isHook": false,
              "skipped": true
            },
            {
              "title": "User is in home page and navigates to Will the vehicle be empty when departing Great Britain? and user selects Yes {\"Response\":\"No\",\"Expected Result\":\"Is the vehicle only carrying postal mail\"}",
              "fullTitle": "Screen level validations for Will the vehicle be empty when departing Great Britain? @no User is in home page and navigates to Will the vehicle be empty when departing Great Britain? and user selects Yes {\"Response\":\"No\",\"Expected Result\":\"Is the vehicle only carrying postal mail\"}",
              "timedOut": false,
              "duration": 0,
              "state": null,
              "speed": null,
              "pass": false,
              "fail": false,
              "pending": false,
              "context": null,
              "code": "runSteps(addExampleInTable(exampleSteps, current)",
              "err": {},
              "uuid": "6317ebfd-d713-4764-bc9c-3b01b18b1577",
              "parentUUID": null,
              "isHook": false,
              "skipped": true
            },
            {
              "title": "User is in home page and navigates to Will the vehicle be empty when departing Great Britain? and user selects Yes {\"Response\":\"No option to be selected\",\"Expected Result\":\"Select yes if the vehicle will be empty when departing Great Britain\"}",
              "fullTitle": "Screen level validations for Will the vehicle be empty when departing Great Britain? @no User is in home page and navigates to Will the vehicle be empty when departing Great Britain? and user selects Yes {\"Response\":\"No option to be selected\",\"Expected Result\":\"Select yes if the vehicle will be empty when departing Great Britain\"}",
              "timedOut": false,
              "duration": 0,
              "state": null,
              "speed": null,
              "pass": false,
              "fail": false,
              "pending": false,
              "context": null,
              "code": "runSteps(addExampleInTable(exampleSteps, current)",
              "err": {},
              "uuid": "6aea0abe-192f-43b3-b1c0-964315a68950",
              "parentUUID": null,
              "isHook": false,
              "skipped": true
            }
          ],
          "suites": [],
          "passes": [],
          "failures": [],
          "pending": [],
          "skipped": [
            "a47f2a4c-c8bf-4326-a7a5-ed06e743c0e0",
            "6317ebfd-d713-4764-bc9c-3b01b18b1577",
            "6aea0abe-192f-43b3-b1c0-964315a68950"
          ],
          "duration": 0,
          "root": false,
          "rootEmpty": false,
          "_timeout": 0
        },
        {
          "uuid": "569f0087-d866-47bc-abf4-df07e7e959ce",
          "title": "Screen level validations for Do you have a Animal Transport Certificate for all live animals @no",
          "fullFile": "",
          "file": "",
          "beforeHooks": [
            {
              "title": "\"before all\" hook: codeceptjs.beforeSuite",
              "fullTitle": "Screen level validations for Do you have a Animal Transport Certificate for all live animals @no \"before all\" hook: codeceptjs.beforeSuite",
              "timedOut": false,
              "duration": 0,
              "state": null,
              "speed": null,
              "pass": false,
              "fail": false,
              "pending": false,
              "context": null,
              "code": "scenario.suiteSetup(suite)",
              "err": {},
              "uuid": "a6a72193-06e3-4596-98ef-0a53f309fb86",
              "parentUUID": null,
              "isHook": true,
              "skipped": false
            },
            {
              "title": "\"before each\" hook: codeceptjs.before",
              "fullTitle": "Screen level validations for Do you have a Animal Transport Certificate for all live animals @no \"before each\" hook: codeceptjs.before",
              "timedOut": false,
              "duration": 0,
              "state": null,
              "speed": null,
              "pass": false,
              "fail": false,
              "pending": false,
              "context": null,
              "code": "scenario.setup(suite)",
              "err": {},
              "uuid": "a3bdd76e-9dfa-461a-a102-8837768c1b16",
              "parentUUID": null,
              "isHook": true,
              "skipped": false
            }
          ],
          "afterHooks": [
            {
              "title": "\"after all\" hook: codeceptjs.afterSuite",
              "fullTitle": "Screen level validations for Do you have a Animal Transport Certificate for all live animals @no \"after all\" hook: codeceptjs.afterSuite",
              "timedOut": false,
              "duration": 0,
              "state": null,
              "speed": null,
              "pass": false,
              "fail": false,
              "pending": false,
              "context": null,
              "code": "scenario.suiteTeardown(suite)",
              "err": {},
              "uuid": "c2f7de79-c590-4cbd-bf84-b88eabe86d8a",
              "parentUUID": null,
              "isHook": true,
              "skipped": false
            },
            {
              "title": "\"after each\" hook: codeceptjs.after",
              "fullTitle": "Screen level validations for Do you have a Animal Transport Certificate for all live animals @no \"after each\" hook: codeceptjs.after",
              "timedOut": false,
              "duration": 0,
              "state": null,
              "speed": null,
              "pass": false,
              "fail": false,
              "pending": false,
              "context": null,
              "code": "scenario.teardown(suite)",
              "err": {},
              "uuid": "5886c805-f205-4dcc-825c-8c891b5eb60c",
              "parentUUID": null,
              "isHook": true,
              "skipped": false
            }
          ],
          "tests": [
            {
              "title": "User is in home page screen with live animals when departing from Great Britain, navigates to What is the cab's registration number? {\"Response\":\"Yes\",\"Expected Result\":\"To which email address should we send the permit?\"}",
              "fullTitle": "Screen level validations for Do you have a Animal Transport Certificate for all live animals @no User is in home page screen with live animals when departing from Great Britain, navigates to What is the cab's registration number? {\"Response\":\"Yes\",\"Expected Result\":\"To which email address should we send the permit?\"}",
              "timedOut": false,
              "duration": 0,
              "state": null,
              "speed": null,
              "pass": false,
              "fail": false,
              "pending": false,
              "context": null,
              "code": "runSteps(addExampleInTable(exampleSteps, current)",
              "err": {},
              "uuid": "70ad6bbf-74b1-40cd-9df5-de9426e3fef1",
              "parentUUID": null,
              "isHook": false,
              "skipped": true
            },
            {
              "title": "User is in home page screen with live animals when departing from Great Britain, navigates to What is the cab's registration number? {\"Response\":\"No\",\"Expected Result\":\"Not border compliant\"}",
              "fullTitle": "Screen level validations for Do you have a Animal Transport Certificate for all live animals @no User is in home page screen with live animals when departing from Great Britain, navigates to What is the cab's registration number? {\"Response\":\"No\",\"Expected Result\":\"Not border compliant\"}",
              "timedOut": false,
              "duration": 0,
              "state": null,
              "speed": null,
              "pass": false,
              "fail": false,
              "pending": false,
              "context": null,
              "code": "runSteps(addExampleInTable(exampleSteps, current)",
              "err": {},
              "uuid": "b171fec5-69c6-4541-a247-a0a2b387c312",
              "parentUUID": null,
              "isHook": false,
              "skipped": true
            },
            {
              "title": "User is in home page screen with live animals when departing from Great Britain, navigates to What is the cab's registration number? {\"Response\":\"No option to be selected\",\"Expected Result\":\"Select yes if you have an animal transport certificate or journey log\"}",
              "fullTitle": "Screen level validations for Do you have a Animal Transport Certificate for all live animals @no User is in home page screen with live animals when departing from Great Britain, navigates to What is the cab's registration number? {\"Response\":\"No option to be selected\",\"Expected Result\":\"Select yes if you have an animal transport certificate or journey log\"}",
              "timedOut": false,
              "duration": 0,
              "state": null,
              "speed": null,
              "pass": false,
              "fail": false,
              "pending": false,
              "context": null,
              "code": "runSteps(addExampleInTable(exampleSteps, current)",
              "err": {},
              "uuid": "f272fc5e-0be0-49d3-a401-f33cb77fe7fc",
              "parentUUID": null,
              "isHook": false,
              "skipped": true
            }
          ],
          "suites": [],
          "passes": [],
          "failures": [],
          "pending": [],
          "skipped": [
            "70ad6bbf-74b1-40cd-9df5-de9426e3fef1",
            "b171fec5-69c6-4541-a247-a0a2b387c312",
            "f272fc5e-0be0-49d3-a401-f33cb77fe7fc"
          ],
          "duration": 0,
          "root": false,
          "rootEmpty": false,
          "_timeout": 0
        },
        {
          "uuid": "3c337105-e56c-4158-a217-6adbc0ae7297",
          "title": "Screen level validations for where are you departing from in Great Britain? @no",
          "fullFile": "",
          "file": "",
          "beforeHooks": [
            {
              "title": "\"before all\" hook: codeceptjs.beforeSuite",
              "fullTitle": "Screen level validations for where are you departing from in Great Britain? @no \"before all\" hook: codeceptjs.beforeSuite",
              "timedOut": false,
              "duration": 0,
              "state": null,
              "speed": null,
              "pass": false,
              "fail": false,
              "pending": false,
              "context": null,
              "code": "scenario.suiteSetup(suite)",
              "err": {},
              "uuid": "b135ca5b-5e19-447c-93a2-54fa194271bf",
              "parentUUID": null,
              "isHook": true,
              "skipped": false
            },
            {
              "title": "\"before each\" hook: codeceptjs.before",
              "fullTitle": "Screen level validations for where are you departing from in Great Britain? @no \"before each\" hook: codeceptjs.before",
              "timedOut": false,
              "duration": 0,
              "state": null,
              "speed": null,
              "pass": false,
              "fail": false,
              "pending": false,
              "context": null,
              "code": "scenario.setup(suite)",
              "err": {},
              "uuid": "a5adc2ad-4366-4a23-8ba7-78e2d0d468de",
              "parentUUID": null,
              "isHook": true,
              "skipped": false
            }
          ],
          "afterHooks": [
            {
              "title": "\"after all\" hook: codeceptjs.afterSuite",
              "fullTitle": "Screen level validations for where are you departing from in Great Britain? @no \"after all\" hook: codeceptjs.afterSuite",
              "timedOut": false,
              "duration": 0,
              "state": null,
              "speed": null,
              "pass": false,
              "fail": false,
              "pending": false,
              "context": null,
              "code": "scenario.suiteTeardown(suite)",
              "err": {},
              "uuid": "82b4d92f-6ae6-4251-a817-cdc585b68434",
              "parentUUID": null,
              "isHook": true,
              "skipped": false
            },
            {
              "title": "\"after each\" hook: codeceptjs.after",
              "fullTitle": "Screen level validations for where are you departing from in Great Britain? @no \"after each\" hook: codeceptjs.after",
              "timedOut": false,
              "duration": 0,
              "state": null,
              "speed": null,
              "pass": false,
              "fail": false,
              "pending": false,
              "context": null,
              "code": "scenario.teardown(suite)",
              "err": {},
              "uuid": "70483cc4-f741-451f-81d8-b8e3c20b8062",
              "parentUUID": null,
              "isHook": true,
              "skipped": false
            }
          ],
          "tests": [
            {
              "title": "",
              "fullTitle": "Screen level validations for where are you departing from in Great Britain? @no ",
              "timedOut": false,
              "duration": 0,
              "state": null,
              "speed": null,
              "pass": false,
              "fail": false,
              "pending": false,
              "context": null,
              "code": "runSteps(child.steps)",
              "err": {},
              "uuid": "087e7fa2-9c8a-4ab0-a3b6-f245a4f15804",
              "parentUUID": null,
              "isHook": false,
              "skipped": true
            },
            {
              "title": "",
              "fullTitle": "Screen level validations for where are you departing from in Great Britain? @no ",
              "timedOut": false,
              "duration": 0,
              "state": null,
              "speed": null,
              "pass": false,
              "fail": false,
              "pending": false,
              "context": null,
              "code": "runSteps(child.steps)",
              "err": {},
              "uuid": "6aa6b02d-b2db-4383-b3b4-907ae5389587",
              "parentUUID": null,
              "isHook": false,
              "skipped": true
            },
            {
              "title": "",
              "fullTitle": "Screen level validations for where are you departing from in Great Britain? @no ",
              "timedOut": false,
              "duration": 0,
              "state": null,
              "speed": null,
              "pass": false,
              "fail": false,
              "pending": false,
              "context": null,
              "code": "runSteps(child.steps)",
              "err": {},
              "uuid": "7ac75d5b-0a36-4229-abfb-ab030fbaff44",
              "parentUUID": null,
              "isHook": false,
              "skipped": true
            }
          ],
          "suites": [],
          "passes": [],
          "failures": [],
          "pending": [],
          "skipped": [
            "087e7fa2-9c8a-4ab0-a3b6-f245a4f15804",
            "6aa6b02d-b2db-4383-b3b4-907ae5389587",
            "7ac75d5b-0a36-4229-abfb-ab030fbaff44"
          ],
          "duration": 0,
          "root": false,
          "rootEmpty": false,
          "_timeout": 0
        },
        {
          "uuid": "a1bf0d88-a045-4be4-8483-f35de725f50e",
          "title": "Screen level validations for Do you have the necessary Export Health Certificates @no",
          "fullFile": "",
          "file": "",
          "beforeHooks": [
            {
              "title": "\"before all\" hook: codeceptjs.beforeSuite",
              "fullTitle": "Screen level validations for Do you have the necessary Export Health Certificates @no \"before all\" hook: codeceptjs.beforeSuite",
              "timedOut": false,
              "duration": 0,
              "state": null,
              "speed": null,
              "pass": false,
              "fail": false,
              "pending": false,
              "context": null,
              "code": "scenario.suiteSetup(suite)",
              "err": {},
              "uuid": "4649ebf0-9a0c-4a89-92e7-f4cfa32fab9a",
              "parentUUID": null,
              "isHook": true,
              "skipped": false
            },
            {
              "title": "\"before each\" hook: codeceptjs.before",
              "fullTitle": "Screen level validations for Do you have the necessary Export Health Certificates @no \"before each\" hook: codeceptjs.before",
              "timedOut": false,
              "duration": 0,
              "state": null,
              "speed": null,
              "pass": false,
              "fail": false,
              "pending": false,
              "context": null,
              "code": "scenario.setup(suite)",
              "err": {},
              "uuid": "44eb5f48-3c7c-4290-9787-4398f66fc8d6",
              "parentUUID": null,
              "isHook": true,
              "skipped": false
            }
          ],
          "afterHooks": [
            {
              "title": "\"after all\" hook: codeceptjs.afterSuite",
              "fullTitle": "Screen level validations for Do you have the necessary Export Health Certificates @no \"after all\" hook: codeceptjs.afterSuite",
              "timedOut": false,
              "duration": 0,
              "state": null,
              "speed": null,
              "pass": false,
              "fail": false,
              "pending": false,
              "context": null,
              "code": "scenario.suiteTeardown(suite)",
              "err": {},
              "uuid": "c67a55c7-dfa4-4a6e-b798-7e20dbe83274",
              "parentUUID": null,
              "isHook": true,
              "skipped": false
            },
            {
              "title": "\"after each\" hook: codeceptjs.after",
              "fullTitle": "Screen level validations for Do you have the necessary Export Health Certificates @no \"after each\" hook: codeceptjs.after",
              "timedOut": false,
              "duration": 0,
              "state": null,
              "speed": null,
              "pass": false,
              "fail": false,
              "pending": false,
              "context": null,
              "code": "scenario.teardown(suite)",
              "err": {},
              "uuid": "0c54a9f8-fb28-4256-82f9-e05338b34541",
              "parentUUID": null,
              "isHook": true,
              "skipped": false
            }
          ],
          "tests": [
            {
              "title": "User is in home page screen with an empty vehicle when departing from Great Britain, navigates to Do you have the necessary Export Health Certificates screen and user enters Registration number in the field {\"Commodity Type\":\"Live animals\",\"Response\":\"Yes\",\"Expected Question\":\"Do you have an animal transport certificate or journey log (from both Great Britain and the European Union)?\"}",
              "fullTitle": "Screen level validations for Do you have the necessary Export Health Certificates @no User is in home page screen with an empty vehicle when departing from Great Britain, navigates to Do you have the necessary Export Health Certificates screen and user enters Registration number in the field {\"Commodity Type\":\"Live animals\",\"Response\":\"Yes\",\"Expected Question\":\"Do you have an animal transport certificate or journey log (from both Great Britain and the European Union)?\"}",
              "timedOut": false,
              "duration": 0,
              "state": null,
              "speed": null,
              "pass": false,
              "fail": false,
              "pending": false,
              "context": null,
              "code": "runSteps(addExampleInTable(exampleSteps, current)",
              "err": {},
              "uuid": "1b0133f4-9b40-4964-959a-c4a37e5b9be0",
              "parentUUID": null,
              "isHook": false,
              "skipped": true
            },
            {
              "title": "User is in home page screen with an empty vehicle when departing from Great Britain, navigates to Do you have the necessary Export Health Certificates screen and user enters Registration number in the field {\"Commodity Type\":\"Animal products\",\"Response\":\"Yes\",\"Expected Question\":\"To which email address should we send the permit?\"}",
              "fullTitle": "Screen level validations for Do you have the necessary Export Health Certificates @no User is in home page screen with an empty vehicle when departing from Great Britain, navigates to Do you have the necessary Export Health Certificates screen and user enters Registration number in the field {\"Commodity Type\":\"Animal products\",\"Response\":\"Yes\",\"Expected Question\":\"To which email address should we send the permit?\"}",
              "timedOut": false,
              "duration": 0,
              "state": null,
              "speed": null,
              "pass": false,
              "fail": false,
              "pending": false,
              "context": null,
              "code": "runSteps(addExampleInTable(exampleSteps, current)",
              "err": {},
              "uuid": "bcd6e9a0-cd0e-4353-a527-737a504a2aa7",
              "parentUUID": null,
              "isHook": false,
              "skipped": true
            },
            {
              "title": "User is in home page screen with an empty vehicle when departing from Great Britain, navigates to Do you have the necessary Export Health Certificates screen and user enters Registration number in the field {\"Commodity Type\":\"Fishery products\",\"Response\":\"Yes\",\"Expected Question\":\"Has a catch certificate been validated for all fisheries products that require one?\"}",
              "fullTitle": "Screen level validations for Do you have the necessary Export Health Certificates @no User is in home page screen with an empty vehicle when departing from Great Britain, navigates to Do you have the necessary Export Health Certificates screen and user enters Registration number in the field {\"Commodity Type\":\"Fishery products\",\"Response\":\"Yes\",\"Expected Question\":\"Has a catch certificate been validated for all fisheries products that require one?\"}",
              "timedOut": false,
              "duration": 0,
              "state": null,
              "speed": null,
              "pass": false,
              "fail": false,
              "pending": false,
              "context": null,
              "code": "runSteps(addExampleInTable(exampleSteps, current)",
              "err": {},
              "uuid": "4da66275-1a0f-4266-a077-cd35a1027eaa",
              "parentUUID": null,
              "isHook": false,
              "skipped": true
            },
            {
              "title": "User is in home page screen with an empty vehicle when departing from Great Britain, navigates to Do you have the necessary Export Health Certificates screen and user enters Registration number in the field {\"Commodity Type\":\"Live animals\",\"Response\":\"No\",\"Expected Question\":\"Do you have an animal transport certificate or journey log (from both Great Britain and the European Union)?\"}",
              "fullTitle": "Screen level validations for Do you have the necessary Export Health Certificates @no User is in home page screen with an empty vehicle when departing from Great Britain, navigates to Do you have the necessary Export Health Certificates screen and user enters Registration number in the field {\"Commodity Type\":\"Live animals\",\"Response\":\"No\",\"Expected Question\":\"Do you have an animal transport certificate or journey log (from both Great Britain and the European Union)?\"}",
              "timedOut": false,
              "duration": 0,
              "state": null,
              "speed": null,
              "pass": false,
              "fail": false,
              "pending": false,
              "context": null,
              "code": "runSteps(addExampleInTable(exampleSteps, current)",
              "err": {},
              "uuid": "bc1a1e6f-f746-4ce3-a4b8-a928c6828720",
              "parentUUID": null,
              "isHook": false,
              "skipped": true
            },
            {
              "title": "User is in home page screen with an empty vehicle when departing from Great Britain, navigates to Do you have the necessary Export Health Certificates screen and user enters Registration number in the field {\"Commodity Type\":\"Animal products\",\"Response\":\"No\",\"Expected Question\":\"Not border compliant\"}",
              "fullTitle": "Screen level validations for Do you have the necessary Export Health Certificates @no User is in home page screen with an empty vehicle when departing from Great Britain, navigates to Do you have the necessary Export Health Certificates screen and user enters Registration number in the field {\"Commodity Type\":\"Animal products\",\"Response\":\"No\",\"Expected Question\":\"Not border compliant\"}",
              "timedOut": false,
              "duration": 0,
              "state": null,
              "speed": null,
              "pass": false,
              "fail": false,
              "pending": false,
              "context": null,
              "code": "runSteps(addExampleInTable(exampleSteps, current)",
              "err": {},
              "uuid": "aadab68d-263c-4c1d-a8bc-c08a76f35f2b",
              "parentUUID": null,
              "isHook": false,
              "skipped": true
            },
            {
              "title": "User is in home page screen with an empty vehicle when departing from Great Britain, navigates to Do you have the necessary Export Health Certificates screen and user enters Registration number in the field {\"Commodity Type\":\"Fishery products\",\"Response\":\"No\",\"Expected Question\":\"Has a catch certificate been validated for all fisheries products that require one?\"}",
              "fullTitle": "Screen level validations for Do you have the necessary Export Health Certificates @no User is in home page screen with an empty vehicle when departing from Great Britain, navigates to Do you have the necessary Export Health Certificates screen and user enters Registration number in the field {\"Commodity Type\":\"Fishery products\",\"Response\":\"No\",\"Expected Question\":\"Has a catch certificate been validated for all fisheries products that require one?\"}",
              "timedOut": false,
              "duration": 0,
              "state": null,
              "speed": null,
              "pass": false,
              "fail": false,
              "pending": false,
              "context": null,
              "code": "runSteps(addExampleInTable(exampleSteps, current)",
              "err": {},
              "uuid": "84ece27f-e928-47bd-9125-cfc61abf6050",
              "parentUUID": null,
              "isHook": false,
              "skipped": true
            },
            {
              "title": "User is in home page screen with an empty vehicle when departing from Great Britain, navigates to Do you have the necessary Export Health Certificates screen and user enters Registration number in the field {\"Commodity Type\":\"Animal products\",\"Response\":\"No, I am carrying another (commercial) document for non-harmonised products\",\"Expected Question\":\"To which email address should we send the permit?\"}",
              "fullTitle": "Screen level validations for Do you have the necessary Export Health Certificates @no User is in home page screen with an empty vehicle when departing from Great Britain, navigates to Do you have the necessary Export Health Certificates screen and user enters Registration number in the field {\"Commodity Type\":\"Animal products\",\"Response\":\"No, I am carrying another (commercial) document for non-harmonised products\",\"Expected Question\":\"To which email address should we send the permit?\"}",
              "timedOut": false,
              "duration": 0,
              "state": null,
              "speed": null,
              "pass": false,
              "fail": false,
              "pending": false,
              "context": null,
              "code": "runSteps(addExampleInTable(exampleSteps, current)",
              "err": {},
              "uuid": "880cd9bb-a559-457e-8aec-5941bca00b82",
              "parentUUID": null,
              "isHook": false,
              "skipped": true
            }
          ],
          "suites": [],
          "passes": [],
          "failures": [],
          "pending": [],
          "skipped": [
            "1b0133f4-9b40-4964-959a-c4a37e5b9be0",
            "bcd6e9a0-cd0e-4353-a527-737a504a2aa7",
            "4da66275-1a0f-4266-a077-cd35a1027eaa",
            "bc1a1e6f-f746-4ce3-a4b8-a928c6828720",
            "aadab68d-263c-4c1d-a8bc-c08a76f35f2b",
            "84ece27f-e928-47bd-9125-cfc61abf6050",
            "880cd9bb-a559-457e-8aec-5941bca00b82"
          ],
          "duration": 0,
          "root": false,
          "rootEmpty": false,
          "_timeout": 0
        },
        {
          "uuid": "ec680e72-d038-4900-8459-7488acd71602",
          "title": "Screen level validations for green declaration @norun",
          "fullFile": "",
          "file": "",
          "beforeHooks": [
            {
              "title": "\"before all\" hook: codeceptjs.beforeSuite",
              "fullTitle": "Screen level validations for green declaration @norun \"before all\" hook: codeceptjs.beforeSuite",
              "timedOut": false,
              "duration": 0,
              "state": null,
              "speed": null,
              "pass": false,
              "fail": false,
              "pending": false,
              "context": null,
              "code": "scenario.suiteSetup(suite)",
              "err": {},
              "uuid": "e84642cd-3a3b-4738-b243-15776bc5be59",
              "parentUUID": null,
              "isHook": true,
              "skipped": false
            },
            {
              "title": "\"before each\" hook: codeceptjs.before",
              "fullTitle": "Screen level validations for green declaration @norun \"before each\" hook: codeceptjs.before",
              "timedOut": false,
              "duration": 0,
              "state": null,
              "speed": null,
              "pass": false,
              "fail": false,
              "pending": false,
              "context": null,
              "code": "scenario.setup(suite)",
              "err": {},
              "uuid": "3e452964-1d43-4dd9-a9d3-a00afa8cbf1f",
              "parentUUID": null,
              "isHook": true,
              "skipped": false
            }
          ],
          "afterHooks": [
            {
              "title": "\"after all\" hook: codeceptjs.afterSuite",
              "fullTitle": "Screen level validations for green declaration @norun \"after all\" hook: codeceptjs.afterSuite",
              "timedOut": false,
              "duration": 0,
              "state": null,
              "speed": null,
              "pass": false,
              "fail": false,
              "pending": false,
              "context": null,
              "code": "scenario.suiteTeardown(suite)",
              "err": {},
              "uuid": "ae9237d6-7a5f-4978-95ad-309eef1e933e",
              "parentUUID": null,
              "isHook": true,
              "skipped": false
            },
            {
              "title": "\"after each\" hook: codeceptjs.after",
              "fullTitle": "Screen level validations for green declaration @norun \"after each\" hook: codeceptjs.after",
              "timedOut": false,
              "duration": 0,
              "state": null,
              "speed": null,
              "pass": false,
              "fail": false,
              "pending": false,
              "context": null,
              "code": "scenario.teardown(suite)",
              "err": {},
              "uuid": "db61e244-5133-422e-9ccf-90e36febc5a4",
              "parentUUID": null,
              "isHook": true,
              "skipped": false
            }
          ],
          "tests": [],
          "suites": [],
          "passes": [],
          "failures": [],
          "pending": [],
          "skipped": [],
          "duration": 0,
          "root": false,
          "rootEmpty": false,
          "_timeout": 0
        },
        {
          "uuid": "363d7c48-5d35-48b1-9f17-5cb31478d155",
          "title": "Screen level validations for Do you have a Catch Certificate for all marine caught fish @no",
          "fullFile": "",
          "file": "",
          "beforeHooks": [
            {
              "title": "\"before all\" hook: codeceptjs.beforeSuite",
              "fullTitle": "Screen level validations for Do you have a Catch Certificate for all marine caught fish @no \"before all\" hook: codeceptjs.beforeSuite",
              "timedOut": false,
              "duration": 0,
              "state": null,
              "speed": null,
              "pass": false,
              "fail": false,
              "pending": false,
              "context": null,
              "code": "scenario.suiteSetup(suite)",
              "err": {},
              "uuid": "341ceb1f-b405-42ba-862c-45a37139c5f9",
              "parentUUID": null,
              "isHook": true,
              "skipped": false
            },
            {
              "title": "\"before each\" hook: codeceptjs.before",
              "fullTitle": "Screen level validations for Do you have a Catch Certificate for all marine caught fish @no \"before each\" hook: codeceptjs.before",
              "timedOut": false,
              "duration": 0,
              "state": null,
              "speed": null,
              "pass": false,
              "fail": false,
              "pending": false,
              "context": null,
              "code": "scenario.setup(suite)",
              "err": {},
              "uuid": "95ed1250-6557-4355-9241-f85dbf4ac0f9",
              "parentUUID": null,
              "isHook": true,
              "skipped": false
            }
          ],
          "afterHooks": [
            {
              "title": "\"after all\" hook: codeceptjs.afterSuite",
              "fullTitle": "Screen level validations for Do you have a Catch Certificate for all marine caught fish @no \"after all\" hook: codeceptjs.afterSuite",
              "timedOut": false,
              "duration": 0,
              "state": null,
              "speed": null,
              "pass": false,
              "fail": false,
              "pending": false,
              "context": null,
              "code": "scenario.suiteTeardown(suite)",
              "err": {},
              "uuid": "548ce1ce-5122-4070-8c62-8907c3b5bd77",
              "parentUUID": null,
              "isHook": true,
              "skipped": false
            },
            {
              "title": "\"after each\" hook: codeceptjs.after",
              "fullTitle": "Screen level validations for Do you have a Catch Certificate for all marine caught fish @no \"after each\" hook: codeceptjs.after",
              "timedOut": false,
              "duration": 0,
              "state": null,
              "speed": null,
              "pass": false,
              "fail": false,
              "pending": false,
              "context": null,
              "code": "scenario.teardown(suite)",
              "err": {},
              "uuid": "fc3d0526-0542-46b9-b9f4-497bc99029db",
              "parentUUID": null,
              "isHook": true,
              "skipped": false
            }
          ],
          "tests": [
            {
              "title": "User is in home page screen with an empty vehicle when departing from Great Britain, navigates to Do you have a Catch Certificate for all marine caught fish? screen and user enters Registration number in the field {\"Response\":\"Yes\",\"Expected Result\":\"To which email address should we send the permit?\"}",
              "fullTitle": "Screen level validations for Do you have a Catch Certificate for all marine caught fish @no User is in home page screen with an empty vehicle when departing from Great Britain, navigates to Do you have a Catch Certificate for all marine caught fish? screen and user enters Registration number in the field {\"Response\":\"Yes\",\"Expected Result\":\"To which email address should we send the permit?\"}",
              "timedOut": false,
              "duration": 0,
              "state": null,
              "speed": null,
              "pass": false,
              "fail": false,
              "pending": false,
              "context": null,
              "code": "runSteps(addExampleInTable(exampleSteps, current)",
              "err": {},
              "uuid": "6c40e750-8717-4d9e-b629-ee0412364e1b",
              "parentUUID": null,
              "isHook": false,
              "skipped": true
            },
            {
              "title": "User is in home page screen with an empty vehicle when departing from Great Britain, navigates to Do you have a Catch Certificate for all marine caught fish? screen and user enters Registration number in the field {\"Response\":\"No\",\"Expected Result\":\"Not border compliant\"}",
              "fullTitle": "Screen level validations for Do you have a Catch Certificate for all marine caught fish @no User is in home page screen with an empty vehicle when departing from Great Britain, navigates to Do you have a Catch Certificate for all marine caught fish? screen and user enters Registration number in the field {\"Response\":\"No\",\"Expected Result\":\"Not border compliant\"}",
              "timedOut": false,
              "duration": 0,
              "state": null,
              "speed": null,
              "pass": false,
              "fail": false,
              "pending": false,
              "context": null,
              "code": "runSteps(addExampleInTable(exampleSteps, current)",
              "err": {},
              "uuid": "b8389c8b-4178-4d67-b80f-d2e28bdf3678",
              "parentUUID": null,
              "isHook": false,
              "skipped": true
            },
            {
              "title": "User is in home page screen with an empty vehicle when departing from Great Britain, navigates to Do you have a Catch Certificate for all marine caught fish? screen and user enters Registration number in the field {\"Response\":\"No I dont require\",\"Expected Result\":\"To which email address should we send the permit?\"}",
              "fullTitle": "Screen level validations for Do you have a Catch Certificate for all marine caught fish @no User is in home page screen with an empty vehicle when departing from Great Britain, navigates to Do you have a Catch Certificate for all marine caught fish? screen and user enters Registration number in the field {\"Response\":\"No I dont require\",\"Expected Result\":\"To which email address should we send the permit?\"}",
              "timedOut": false,
              "duration": 0,
              "state": null,
              "speed": null,
              "pass": false,
              "fail": false,
              "pending": false,
              "context": null,
              "code": "runSteps(addExampleInTable(exampleSteps, current)",
              "err": {},
              "uuid": "e096f476-8c48-4438-9149-3edce8aa0f6b",
              "parentUUID": null,
              "isHook": false,
              "skipped": true
            },
            {
              "title": "User is in home page screen with an empty vehicle when departing from Great Britain, navigates to Do you have a Catch Certificate for all marine caught fish? screen and user enters Registration number in the field {\"Response\":\"No option to be selected\",\"Expected Result\":\"Select whether you have the validated catch certificates\"}",
              "fullTitle": "Screen level validations for Do you have a Catch Certificate for all marine caught fish @no User is in home page screen with an empty vehicle when departing from Great Britain, navigates to Do you have a Catch Certificate for all marine caught fish? screen and user enters Registration number in the field {\"Response\":\"No option to be selected\",\"Expected Result\":\"Select whether you have the validated catch certificates\"}",
              "timedOut": false,
              "duration": 0,
              "state": null,
              "speed": null,
              "pass": false,
              "fail": false,
              "pending": false,
              "context": null,
              "code": "runSteps(addExampleInTable(exampleSteps, current)",
              "err": {},
              "uuid": "13ef0ac7-2eb3-4623-b101-476bdef395e3",
              "parentUUID": null,
              "isHook": false,
              "skipped": true
            }
          ],
          "suites": [],
          "passes": [],
          "failures": [],
          "pending": [],
          "skipped": [
            "6c40e750-8717-4d9e-b629-ee0412364e1b",
            "b8389c8b-4178-4d67-b80f-d2e28bdf3678",
            "e096f476-8c48-4438-9149-3edce8aa0f6b",
            "13ef0ac7-2eb3-4623-b101-476bdef395e3"
          ],
          "duration": 0,
          "root": false,
          "rootEmpty": false,
          "_timeout": 0
        },
        {
          "uuid": "a3ad6a30-c08f-489d-b4f1-3e9381093c3c",
          "title": "Screen level validations for \"When is the vehicle planning to arrive at port? @no",
          "fullFile": "",
          "file": "",
          "beforeHooks": [
            {
              "title": "\"before all\" hook: codeceptjs.beforeSuite",
              "fullTitle": "Screen level validations for \"When is the vehicle planning to arrive at port? @no \"before all\" hook: codeceptjs.beforeSuite",
              "timedOut": false,
              "duration": 0,
              "state": null,
              "speed": null,
              "pass": false,
              "fail": false,
              "pending": false,
              "context": null,
              "code": "scenario.suiteSetup(suite)",
              "err": {},
              "uuid": "6bb98c47-5ce9-42d9-9e3a-5b92733975b0",
              "parentUUID": null,
              "isHook": true,
              "skipped": false
            },
            {
              "title": "\"before each\" hook: codeceptjs.before",
              "fullTitle": "Screen level validations for \"When is the vehicle planning to arrive at port? @no \"before each\" hook: codeceptjs.before",
              "timedOut": false,
              "duration": 0,
              "state": null,
              "speed": null,
              "pass": false,
              "fail": false,
              "pending": false,
              "context": null,
              "code": "scenario.setup(suite)",
              "err": {},
              "uuid": "8a1780a2-c001-42be-9e7e-7e4ca0ff16af",
              "parentUUID": null,
              "isHook": true,
              "skipped": false
            }
          ],
          "afterHooks": [
            {
              "title": "\"after all\" hook: codeceptjs.afterSuite",
              "fullTitle": "Screen level validations for \"When is the vehicle planning to arrive at port? @no \"after all\" hook: codeceptjs.afterSuite",
              "timedOut": false,
              "duration": 0,
              "state": null,
              "speed": null,
              "pass": false,
              "fail": false,
              "pending": false,
              "context": null,
              "code": "scenario.suiteTeardown(suite)",
              "err": {},
              "uuid": "e64a763c-7249-4b7e-8ec7-ec0e2bc6d0a5",
              "parentUUID": null,
              "isHook": true,
              "skipped": false
            },
            {
              "title": "\"after each\" hook: codeceptjs.after",
              "fullTitle": "Screen level validations for \"When is the vehicle planning to arrive at port? @no \"after each\" hook: codeceptjs.after",
              "timedOut": false,
              "duration": 0,
              "state": null,
              "speed": null,
              "pass": false,
              "fail": false,
              "pending": false,
              "context": null,
              "code": "scenario.teardown(suite)",
              "err": {},
              "uuid": "9ad52989-c4aa-4451-a04c-e3f0bc60b232",
              "parentUUID": null,
              "isHook": true,
              "skipped": false
            }
          ],
          "tests": [
            {
              "title": "User is in Start Page and navigates to When is the vehicle planning to arrive at port? and user enters future date in valid format",
              "fullTitle": "Screen level validations for \"When is the vehicle planning to arrive at port? @no User is in Start Page and navigates to When is the vehicle planning to arrive at port? and user enters future date in valid format",
              "timedOut": false,
              "duration": 0,
              "state": null,
              "speed": null,
              "pass": false,
              "fail": false,
              "pending": false,
              "context": null,
              "code": "runSteps(child.steps)",
              "err": {},
              "uuid": "02a1dd56-8ed5-4016-949a-b6a53fac8a9d",
              "parentUUID": null,
              "isHook": false,
              "skipped": true
            },
            {
              "title": "User is in Start Page and navigates to When is the vehicle planning to arrive at port? and user enters future date greater than 28 days in valid format",
              "fullTitle": "Screen level validations for \"When is the vehicle planning to arrive at port? @no User is in Start Page and navigates to When is the vehicle planning to arrive at port? and user enters future date greater than 28 days in valid format",
              "timedOut": false,
              "duration": 0,
              "state": null,
              "speed": null,
              "pass": false,
              "fail": false,
              "pending": false,
              "context": null,
              "code": "runSteps(child.steps)",
              "err": {},
              "uuid": "d50e1aa6-f26a-4a63-99fb-e9f880c26ea5",
              "parentUUID": null,
              "isHook": false,
              "skipped": true
            },
            {
              "title": "User is in Start Page and navigates to When is the vehicle planning to arrive at port? and user enters current date in valid format",
              "fullTitle": "Screen level validations for \"When is the vehicle planning to arrive at port? @no User is in Start Page and navigates to When is the vehicle planning to arrive at port? and user enters current date in valid format",
              "timedOut": false,
              "duration": 0,
              "state": null,
              "speed": null,
              "pass": false,
              "fail": false,
              "pending": false,
              "context": null,
              "code": "runSteps(child.steps)",
              "err": {},
              "uuid": "aa669bf6-2bb5-44f2-97c6-51a2dd7a7912",
              "parentUUID": null,
              "isHook": false,
              "skipped": true
            },
            {
              "title": "User is in Start Page and navigates to When is the vehicle planning to arrive at port? and user enters past date in valid format",
              "fullTitle": "Screen level validations for \"When is the vehicle planning to arrive at port? @no User is in Start Page and navigates to When is the vehicle planning to arrive at port? and user enters past date in valid format",
              "timedOut": false,
              "duration": 0,
              "state": null,
              "speed": null,
              "pass": false,
              "fail": false,
              "pending": false,
              "context": null,
              "code": "runSteps(child.steps)",
              "err": {},
              "uuid": "ff3e0f30-429a-4d20-a8ab-267020cd7e1d",
              "parentUUID": null,
              "isHook": false,
              "skipped": true
            },
            {
              "title": "User is in Start Page and navigates to When is the vehicle planning to arrive at port? and not to enter day field",
              "fullTitle": "Screen level validations for \"When is the vehicle planning to arrive at port? @no User is in Start Page and navigates to When is the vehicle planning to arrive at port? and not to enter day field",
              "timedOut": false,
              "duration": 0,
              "state": null,
              "speed": null,
              "pass": false,
              "fail": false,
              "pending": false,
              "context": null,
              "code": "runSteps(child.steps)",
              "err": {},
              "uuid": "6cb4d512-7960-47dc-bdf9-e57247473cdb",
              "parentUUID": null,
              "isHook": false,
              "skipped": true
            },
            {
              "title": "User is in Start Page and navigates to When is the vehicle planning to arrive at port? and not to enter month field",
              "fullTitle": "Screen level validations for \"When is the vehicle planning to arrive at port? @no User is in Start Page and navigates to When is the vehicle planning to arrive at port? and not to enter month field",
              "timedOut": false,
              "duration": 0,
              "state": null,
              "speed": null,
              "pass": false,
              "fail": false,
              "pending": false,
              "context": null,
              "code": "runSteps(child.steps)",
              "err": {},
              "uuid": "76238d80-0942-4d27-a324-933e17eb4911",
              "parentUUID": null,
              "isHook": false,
              "skipped": true
            },
            {
              "title": "User is in Start Page and navigates to When is the vehicle planning to arrive at port? and not to enter year field",
              "fullTitle": "Screen level validations for \"When is the vehicle planning to arrive at port? @no User is in Start Page and navigates to When is the vehicle planning to arrive at port? and not to enter year field",
              "timedOut": false,
              "duration": 0,
              "state": null,
              "speed": null,
              "pass": false,
              "fail": false,
              "pending": false,
              "context": null,
              "code": "runSteps(child.steps)",
              "err": {},
              "uuid": "8004e53a-f349-4876-bf31-e60ebf92807a",
              "parentUUID": null,
              "isHook": false,
              "skipped": true
            },
            {
              "title": "User is in Start Page and navigates to When is the vehicle planning to arrive at port? and not to enter day and month field",
              "fullTitle": "Screen level validations for \"When is the vehicle planning to arrive at port? @no User is in Start Page and navigates to When is the vehicle planning to arrive at port? and not to enter day and month field",
              "timedOut": false,
              "duration": 0,
              "state": null,
              "speed": null,
              "pass": false,
              "fail": false,
              "pending": false,
              "context": null,
              "code": "runSteps(child.steps)",
              "err": {},
              "uuid": "73abbc0b-e37b-4657-a803-9365fb490145",
              "parentUUID": null,
              "isHook": false,
              "skipped": true
            },
            {
              "title": "User is in Start Page and navigates to When is the vehicle planning to arrive at port? and not to enter day and year field",
              "fullTitle": "Screen level validations for \"When is the vehicle planning to arrive at port? @no User is in Start Page and navigates to When is the vehicle planning to arrive at port? and not to enter day and year field",
              "timedOut": false,
              "duration": 0,
              "state": null,
              "speed": null,
              "pass": false,
              "fail": false,
              "pending": false,
              "context": null,
              "code": "runSteps(child.steps)",
              "err": {},
              "uuid": "62b979c2-e209-44a6-9ebe-afd399dc49f1",
              "parentUUID": null,
              "isHook": false,
              "skipped": true
            },
            {
              "title": "User is in Start Page and navigates to When is the vehicle planning to arrive at port? and not to enter month and year field",
              "fullTitle": "Screen level validations for \"When is the vehicle planning to arrive at port? @no User is in Start Page and navigates to When is the vehicle planning to arrive at port? and not to enter month and year field",
              "timedOut": false,
              "duration": 0,
              "state": null,
              "speed": null,
              "pass": false,
              "fail": false,
              "pending": false,
              "context": null,
              "code": "runSteps(child.steps)",
              "err": {},
              "uuid": "4df47b2d-7b3b-404d-82e9-2fe2c9c08b3b",
              "parentUUID": null,
              "isHook": false,
              "skipped": true
            },
            {
              "title": "User is in Start Page and navigates to When is the vehicle planning to arrive at port? and select time is before the beginning of the current hour",
              "fullTitle": "Screen level validations for \"When is the vehicle planning to arrive at port? @no User is in Start Page and navigates to When is the vehicle planning to arrive at port? and select time is before the beginning of the current hour",
              "timedOut": false,
              "duration": 0,
              "state": null,
              "speed": null,
              "pass": false,
              "fail": false,
              "pending": false,
              "context": null,
              "code": "runSteps(child.steps)",
              "err": {},
              "uuid": "a54061af-e513-4d45-af7a-6724bc2014d6",
              "parentUUID": null,
              "isHook": false,
              "skipped": true
            },
            {
              "title": "User is in Start Page and navigates to When is the vehicle planning to arrive at port? and not to select time field",
              "fullTitle": "Screen level validations for \"When is the vehicle planning to arrive at port? @no User is in Start Page and navigates to When is the vehicle planning to arrive at port? and not to select time field",
              "timedOut": false,
              "duration": 0,
              "state": null,
              "speed": null,
              "pass": false,
              "fail": false,
              "pending": false,
              "context": null,
              "code": "runSteps(child.steps)",
              "err": {},
              "uuid": "6c1c1755-e0eb-4ad5-bb81-3756a580a579",
              "parentUUID": null,
              "isHook": false,
              "skipped": true
            }
          ],
          "suites": [],
          "passes": [],
          "failures": [],
          "pending": [],
          "skipped": [
            "02a1dd56-8ed5-4016-949a-b6a53fac8a9d",
            "d50e1aa6-f26a-4a63-99fb-e9f880c26ea5",
            "aa669bf6-2bb5-44f2-97c6-51a2dd7a7912",
            "ff3e0f30-429a-4d20-a8ab-267020cd7e1d",
            "6cb4d512-7960-47dc-bdf9-e57247473cdb",
            "76238d80-0942-4d27-a324-933e17eb4911",
            "8004e53a-f349-4876-bf31-e60ebf92807a",
            "73abbc0b-e37b-4657-a803-9365fb490145",
            "62b979c2-e209-44a6-9ebe-afd399dc49f1",
            "4df47b2d-7b3b-404d-82e9-2fe2c9c08b3b",
            "a54061af-e513-4d45-af7a-6724bc2014d6",
            "6c1c1755-e0eb-4ad5-bb81-3756a580a579"
          ],
          "duration": 0,
          "root": false,
          "rootEmpty": false,
          "_timeout": 0
        },
        {
          "uuid": "69a396db-9265-4961-bed2-19624f6e6852",
          "title": "Screen level validations for Is the vehicle only carrying postal mail? @no",
          "fullFile": "",
          "file": "",
          "beforeHooks": [
            {
              "title": "\"before all\" hook: codeceptjs.beforeSuite",
              "fullTitle": "Screen level validations for Is the vehicle only carrying postal mail? @no \"before all\" hook: codeceptjs.beforeSuite",
              "timedOut": false,
              "duration": 0,
              "state": null,
              "speed": null,
              "pass": false,
              "fail": false,
              "pending": false,
              "context": null,
              "code": "scenario.suiteSetup(suite)",
              "err": {},
              "uuid": "ff85538a-0b04-454b-8563-b89bbf71f23d",
              "parentUUID": null,
              "isHook": true,
              "skipped": false
            },
            {
              "title": "\"before each\" hook: codeceptjs.before",
              "fullTitle": "Screen level validations for Is the vehicle only carrying postal mail? @no \"before each\" hook: codeceptjs.before",
              "timedOut": false,
              "duration": 0,
              "state": null,
              "speed": null,
              "pass": false,
              "fail": false,
              "pending": false,
              "context": null,
              "code": "scenario.setup(suite)",
              "err": {},
              "uuid": "bd5574c7-a906-4a56-aa09-1d4f52bce55a",
              "parentUUID": null,
              "isHook": true,
              "skipped": false
            }
          ],
          "afterHooks": [
            {
              "title": "\"after all\" hook: codeceptjs.afterSuite",
              "fullTitle": "Screen level validations for Is the vehicle only carrying postal mail? @no \"after all\" hook: codeceptjs.afterSuite",
              "timedOut": false,
              "duration": 0,
              "state": null,
              "speed": null,
              "pass": false,
              "fail": false,
              "pending": false,
              "context": null,
              "code": "scenario.suiteTeardown(suite)",
              "err": {},
              "uuid": "5d646bc4-136d-4a46-a92d-fae2c01b89dd",
              "parentUUID": null,
              "isHook": true,
              "skipped": false
            },
            {
              "title": "\"after each\" hook: codeceptjs.after",
              "fullTitle": "Screen level validations for Is the vehicle only carrying postal mail? @no \"after each\" hook: codeceptjs.after",
              "timedOut": false,
              "duration": 0,
              "state": null,
              "speed": null,
              "pass": false,
              "fail": false,
              "pending": false,
              "context": null,
              "code": "scenario.teardown(suite)",
              "err": {},
              "uuid": "dc6be249-4375-4339-ab4c-e3ad8b4c7039",
              "parentUUID": null,
              "isHook": true,
              "skipped": false
            }
          ],
          "tests": [
            {
              "title": "User is in home page and navigates to Is the vehicle only carrying postal mail? and user selects {\"Response\":\"Yes\",\"Expected Result\":\"To which email address should we send the permit?\"}",
              "fullTitle": "Screen level validations for Is the vehicle only carrying postal mail? @no User is in home page and navigates to Is the vehicle only carrying postal mail? and user selects {\"Response\":\"Yes\",\"Expected Result\":\"To which email address should we send the permit?\"}",
              "timedOut": false,
              "duration": 0,
              "state": null,
              "speed": null,
              "pass": false,
              "fail": false,
              "pending": false,
              "context": null,
              "code": "runSteps(addExampleInTable(exampleSteps, current)",
              "err": {},
              "uuid": "ae062488-52d8-42bc-b4f5-6ad0ac71657c",
              "parentUUID": null,
              "isHook": false,
              "skipped": true
            },
            {
              "title": "User is in home page and navigates to Is the vehicle only carrying postal mail? and user selects {\"Response\":\"No\",\"Expected Result\":\"Are you moving the goods with an ATA or TIR carnet\"}",
              "fullTitle": "Screen level validations for Is the vehicle only carrying postal mail? @no User is in home page and navigates to Is the vehicle only carrying postal mail? and user selects {\"Response\":\"No\",\"Expected Result\":\"Are you moving the goods with an ATA or TIR carnet\"}",
              "timedOut": false,
              "duration": 0,
              "state": null,
              "speed": null,
              "pass": false,
              "fail": false,
              "pending": false,
              "context": null,
              "code": "runSteps(addExampleInTable(exampleSteps, current)",
              "err": {},
              "uuid": "51745ba4-4c2c-4445-9598-f5fd34f85936",
              "parentUUID": null,
              "isHook": false,
              "skipped": true
            },
            {
              "title": "User is in home page and navigates to Is the vehicle only carrying postal mail? and user selects {\"Response\":\"No option to be selected\",\"Expected Result\":\"Select yes if the vehicle is only carrying postal mail\"}",
              "fullTitle": "Screen level validations for Is the vehicle only carrying postal mail? @no User is in home page and navigates to Is the vehicle only carrying postal mail? and user selects {\"Response\":\"No option to be selected\",\"Expected Result\":\"Select yes if the vehicle is only carrying postal mail\"}",
              "timedOut": false,
              "duration": 0,
              "state": null,
              "speed": null,
              "pass": false,
              "fail": false,
              "pending": false,
              "context": null,
              "code": "runSteps(addExampleInTable(exampleSteps, current)",
              "err": {},
              "uuid": "dbd2b1e2-f7f9-43c7-ba5f-a731e585288b",
              "parentUUID": null,
              "isHook": false,
              "skipped": true
            }
          ],
          "suites": [],
          "passes": [],
          "failures": [],
          "pending": [],
          "skipped": [
            "ae062488-52d8-42bc-b4f5-6ad0ac71657c",
            "51745ba4-4c2c-4445-9598-f5fd34f85936",
            "dbd2b1e2-f7f9-43c7-ba5f-a731e585288b"
          ],
          "duration": 0,
          "root": false,
          "rootEmpty": false,
          "_timeout": 0
        },
        {
          "uuid": "8e2a2514-b3fa-4e7e-9190-fc2421dfe813",
          "title": "Screen level validations for Do you have an MRN from an import declaration or TAD? @no",
          "fullFile": "",
          "file": "",
          "beforeHooks": [
            {
              "title": "\"before all\" hook: codeceptjs.beforeSuite",
              "fullTitle": "Screen level validations for Do you have an MRN from an import declaration or TAD? @no \"before all\" hook: codeceptjs.beforeSuite",
              "timedOut": false,
              "duration": 0,
              "state": null,
              "speed": null,
              "pass": false,
              "fail": false,
              "pending": false,
              "context": null,
              "code": "scenario.suiteSetup(suite)",
              "err": {},
              "uuid": "79aa1966-6f25-4471-b01c-00aadffab5a9",
              "parentUUID": null,
              "isHook": true,
              "skipped": false
            },
            {
              "title": "\"before each\" hook: codeceptjs.before",
              "fullTitle": "Screen level validations for Do you have an MRN from an import declaration or TAD? @no \"before each\" hook: codeceptjs.before",
              "timedOut": false,
              "duration": 0,
              "state": null,
              "speed": null,
              "pass": false,
              "fail": false,
              "pending": false,
              "context": null,
              "code": "scenario.setup(suite)",
              "err": {},
              "uuid": "363e54c8-6c96-4aad-a57f-0d0ef8c955d0",
              "parentUUID": null,
              "isHook": true,
              "skipped": false
            }
          ],
          "afterHooks": [
            {
              "title": "\"after all\" hook: codeceptjs.afterSuite",
              "fullTitle": "Screen level validations for Do you have an MRN from an import declaration or TAD? @no \"after all\" hook: codeceptjs.afterSuite",
              "timedOut": false,
              "duration": 0,
              "state": null,
              "speed": null,
              "pass": false,
              "fail": false,
              "pending": false,
              "context": null,
              "code": "scenario.suiteTeardown(suite)",
              "err": {},
              "uuid": "92b352fb-f73d-41f4-b8c6-694b74cac841",
              "parentUUID": null,
              "isHook": true,
              "skipped": false
            },
            {
              "title": "\"after each\" hook: codeceptjs.after",
              "fullTitle": "Screen level validations for Do you have an MRN from an import declaration or TAD? @no \"after each\" hook: codeceptjs.after",
              "timedOut": false,
              "duration": 0,
              "state": null,
              "speed": null,
              "pass": false,
              "fail": false,
              "pending": false,
              "context": null,
              "code": "scenario.teardown(suite)",
              "err": {},
              "uuid": "894e654a-5c5e-4500-a3a2-70632370aceb",
              "parentUUID": null,
              "isHook": true,
              "skipped": false
            }
          ],
          "tests": [
            {
              "title": "User is in home page and navigates to Do you have an MRN from an import declaration or TAD? and user selects {\"Response\":\"Yes\",\"Expected Result\":\"Is the vehicle carrying any of the following goods?\"}",
              "fullTitle": "Screen level validations for Do you have an MRN from an import declaration or TAD? @no User is in home page and navigates to Do you have an MRN from an import declaration or TAD? and user selects {\"Response\":\"Yes\",\"Expected Result\":\"Is the vehicle carrying any of the following goods?\"}",
              "timedOut": false,
              "duration": 0,
              "state": null,
              "speed": null,
              "pass": false,
              "fail": false,
              "pending": false,
              "context": null,
              "code": "runSteps(addExampleInTable(exampleSteps, current)",
              "err": {},
              "uuid": "e0617361-38bf-4ee2-a065-30ab0942c5e6",
              "parentUUID": null,
              "isHook": false,
              "skipped": true
            },
            {
[...]
              "err": {},
              "uuid": "dab8fa79-d1f9-4039-994f-1b6f09bbcd7b",
              "parentUUID": null,
              "isHook": true,
              "skipped": false
            }
          ],
          "tests": [
            {
              "title": "User is in home page screen with an empty vehicle when departing from Great Britain, navigates to What is the cab's registration number? screen and user enters Registration number in the field {\"VRN Number\":\"CBZ 1234\",\"Expected Validation\":\"Check your answers before sending your application\"}",
              "fullTitle": "Screen level validations for What is the cab's registration number @no User is in home page screen with an empty vehicle when departing from Great Britain, navigates to What is the cab's registration number? screen and user enters Registration number in the field {\"VRN Number\":\"CBZ 1234\",\"Expected Validation\":\"Check your answers before sending your application\"}",
              "timedOut": false,
              "duration": 0,
              "state": null,
              "speed": null,
              "pass": false,
              "fail": false,
              "pending": false,
              "context": null,
              "code": "runSteps(addExampleInTable(exampleSteps, current)",
              "err": {},
              "uuid": "8f90e82f-d647-4277-b2fe-ee24d8117872",
              "parentUUID": null,
              "isHook": false,
              "skipped": true
            },
            {
              "title": "User is in home page screen with an empty vehicle when departing from Great Britain, navigates to What is the cab's registration number? screen and user enters Registration number in the field {\"VRN Number\":\"CABG-1234\",\"Expected Validation\":\"Check your answers before sending your application\"}",
              "fullTitle": "Screen level validations for What is the cab's registration number @no User is in home page screen with an empty vehicle when departing from Great Britain, navigates to What is the cab's registration number? screen and user enters Registration number in the field {\"VRN Number\":\"CABG-1234\",\"Expected Validation\":\"Check your answers before sending your application\"}",
              "timedOut": false,
              "duration": 0,
              "state": null,
              "speed": null,
              "pass": false,
              "fail": false,
              "pending": false,
              "context": null,
              "code": "runSteps(addExampleInTable(exampleSteps, current)",
              "err": {},
              "uuid": "5089479a-4bb2-4cda-a415-702c1f8f3a5a",
              "parentUUID": null,
              "isHook": false,
              "skipped": true
            },
            {
              "title": "User is in home page screen with an empty vehicle when departing from Great Britain, navigates to What is the cab's registration number? screen and user enters Registration number in the field {\"VRN Number\":\"ADB+8569\",\"Expected Validation\":\"The HGV registration number must only include letters A to Z, numbers 0 to 9, hyphens and spaces\"}",
              "fullTitle": "Screen level validations for What is the cab's registration number @no User is in home page screen with an empty vehicle when departing from Great Britain, navigates to What is the cab's registration number? screen and user enters Registration number in the field {\"VRN Number\":\"ADB+8569\",\"Expected Validation\":\"The HGV registration number must only include letters A to Z, numbers 0 to 9, hyphens and spaces\"}",
              "timedOut": false,
              "duration": 0,
              "state": null,
              "speed": null,
              "pass": false,
              "fail": false,
              "pending": false,
              "context": null,
              "code": "runSteps(addExampleInTable(exampleSteps, current)",
              "err": {},
              "uuid": "3c22e2ea-f178-41da-9b50-2b454c054483",
              "parentUUID": null,
              "isHook": false,
              "skipped": true
            },
            {
              "title": "User is in home page screen with an empty vehicle when departing from Great Britain, navigates to What is the cab's registration number? screen and user enters Registration number in the field {\"VRN Number\":\"/*!@#$%#@%$89593\",\"Expected Validation\":\"The HGV registration number must only include letters A to Z, numbers 0 to 9, hyphens and spaces\"}",
              "fullTitle": "Screen level validations for What is the cab's registration number @no User is in home page screen with an empty vehicle when departing from Great Britain, navigates to What is the cab's registration number? screen and user enters Registration number in the field {\"VRN Number\":\"/*!@#$%#@%$89593\",\"Expected Validation\":\"The HGV registration number must only include letters A to Z, numbers 0 to 9, hyphens and spaces\"}",
              "timedOut": false,
              "duration": 0,
              "state": null,
              "speed": null,
              "pass": false,
              "fail": false,
              "pending": false,
              "context": null,
              "code": "runSteps(addExampleInTable(exampleSteps, current)",
              "err": {},
              "uuid": "56b59b30-c4fc-4776-89b5-988910a2e926",
              "parentUUID": null,
              "isHook": false,
              "skipped": true
            },
            {
              "title": "User is in home page screen with an empty vehicle when departing from Great Britain, navigates to What is the cab's registration number? screen and user enters Registration number in the field {\"VRN Number\":\"\",\"Expected Validation\":\"Enter the HGV registration number\"}",
              "fullTitle": "Screen level validations for What is the cab's registration number @no User is in home page screen with an empty vehicle when departing from Great Britain, navigates to What is the cab's registration number? screen and user enters Registration number in the field {\"VRN Number\":\"\",\"Expected Validation\":\"Enter the HGV registration number\"}",
              "timedOut": false,
              "duration": 0,
              "state": null,
              "speed": null,
              "pass": false,
              "fail": false,
              "pending": false,
              "context": null,
              "code": "runSteps(addExampleInTable(exampleSteps, current)",
              "err": {},
              "uuid": "cb4737e2-51dd-453a-8f0b-30f351555b40",
              "parentUUID": null,
              "isHook": false,
              "skipped": true
            }
          ],
          "suites": [],
          "passes": [],
          "failures": [],
          "pending": [],
          "skipped": [
            "8f90e82f-d647-4277-b2fe-ee24d8117872",
            "5089479a-4bb2-4cda-a415-702c1f8f3a5a",
            "3c22e2ea-f178-41da-9b50-2b454c054483",
            "56b59b30-c4fc-4776-89b5-988910a2e926",
            "cb4737e2-51dd-453a-8f0b-30f351555b40"
          ],
          "duration": 0,
          "root": false,
          "rootEmpty": false,
          "_timeout": 0
        },
        {
          "uuid": "ba202a96-4320-42ea-a3bf-d3c2aa3840e0",
          "title": "Screen level validations for Is the vehicle carrying any of the following goods that require special documentation @no",
          "fullFile": "",
          "file": "",
          "beforeHooks": [
            {
              "title": "\"before all\" hook: codeceptjs.beforeSuite",
              "fullTitle": "Screen level validations for Is the vehicle carrying any of the following goods that require special documentation @no \"before all\" hook: codeceptjs.beforeSuite",
              "timedOut": false,
              "duration": 0,
              "state": null,
              "speed": null,
              "pass": false,
              "fail": false,
              "pending": false,
              "context": null,
              "code": "scenario.suiteSetup(suite)",
              "err": {},
              "uuid": "c89727df-348b-472c-9a14-f6f548b0de4b",
              "parentUUID": null,
              "isHook": true,
              "skipped": false
            },
            {
              "title": "\"before each\" hook: codeceptjs.before",
              "fullTitle": "Screen level validations for Is the vehicle carrying any of the following goods that require special documentation @no \"before each\" hook: codeceptjs.before",
              "timedOut": false,
              "duration": 0,
              "state": null,
              "speed": null,
              "pass": false,
              "fail": false,
              "pending": false,
              "context": null,
              "code": "scenario.setup(suite)",
              "err": {},
              "uuid": "67df9600-30a8-4158-85e9-069c18ddb474",
              "parentUUID": null,
              "isHook": true,
              "skipped": false
            }
          ],
          "afterHooks": [
            {
              "title": "\"after all\" hook: codeceptjs.afterSuite",
              "fullTitle": "Screen level validations for Is the vehicle carrying any of the following goods that require special documentation @no \"after all\" hook: codeceptjs.afterSuite",
              "timedOut": false,
              "duration": 0,
              "state": null,
              "speed": null,
              "pass": false,
              "fail": false,
              "pending": false,
              "context": null,
              "code": "scenario.suiteTeardown(suite)",
              "err": {},
              "uuid": "86dbceb1-079c-4734-9f13-a75bf422bc95",
              "parentUUID": null,
              "isHook": true,
              "skipped": false
            },
            {
              "title": "\"after each\" hook: codeceptjs.after",
              "fullTitle": "Screen level validations for Is the vehicle carrying any of the following goods that require special documentation @no \"after each\" hook: codeceptjs.after",
              "timedOut": false,
              "duration": 0,
              "state": null,
              "speed": null,
              "pass": false,
              "fail": false,
              "pending": false,
              "context": null,
              "code": "scenario.teardown(suite)",
              "err": {},
              "uuid": "977e79db-dd45-41ff-a246-a07843e194bc",
              "parentUUID": null,
              "isHook": true,
              "skipped": false
            }
          ],
          "tests": [
            {
              "title": "User is in home page screen with an empty vehicle when departing from Great Britain, navigates to What is the commodities screen and user enters Registration number in the field {\"Commodity Type\":\"Live animals\",\"Expected Question\":\"Do you have the necessary Export Health Certificates (EHCs) stamped and ready for inspection?\"}",
              "fullTitle": "Screen level validations for Is the vehicle carrying any of the following goods that require special documentation @no User is in home page screen with an empty vehicle when departing from Great Britain, navigates to What is the commodities screen and user enters Registration number in the field {\"Commodity Type\":\"Live animals\",\"Expected Question\":\"Do you have the necessary Export Health Certificates (EHCs) stamped and ready for inspection?\"}",
              "timedOut": false,
              "duration": 0,
              "state": null,
              "speed": null,
              "pass": false,
              "fail": false,
              "pending": false,
              "context": null,
              "code": "runSteps(addExampleInTable(exampleSteps, current)",
              "err": {},
              "uuid": "fb7e338d-72bc-41f5-b6f2-73087d2b7259",
              "parentUUID": null,
              "isHook": false,
              "skipped": true
            },
            {
              "title": "User is in home page screen with an empty vehicle when departing from Great Britain, navigates to What is the commodities screen and user enters Registration number in the field {\"Commodity Type\":\"Animal products\",\"Expected Question\":\"Do you have the necessary Export Health Certificates (EHCs) stamped and ready for inspection?\"}",
              "fullTitle": "Screen level validations for Is the vehicle carrying any of the following goods that require special documentation @no User is in home page screen with an empty vehicle when departing from Great Britain, navigates to What is the commodities screen and user enters Registration number in the field {\"Commodity Type\":\"Animal products\",\"Expected Question\":\"Do you have the necessary Export Health Certificates (EHCs) stamped and ready for inspection?\"}",
              "timedOut": false,
              "duration": 0,
              "state": null,
              "speed": null,
              "pass": false,
              "fail": false,
              "pending": false,
              "context": null,
              "code": "runSteps(addExampleInTable(exampleSteps, current)",
              "err": {},
              "uuid": "67e275e4-a141-48a2-a991-45eed09a6d00",
              "parentUUID": null,
              "isHook": false,
              "skipped": true
            },
            {
              "title": "User is in home page screen with an empty vehicle when departing from Great Britain, navigates to What is the commodities screen and user enters Registration number in the field {\"Commodity Type\":\"Fishery products\",\"Expected Question\":\"Do you have the necessary Export Health Certificates (EHCs) stamped and ready for inspection?\"}",
              "fullTitle": "Screen level validations for Is the vehicle carrying any of the following goods that require special documentation @no User is in home page screen with an empty vehicle when departing from Great Britain, navigates to What is the commodities screen and user enters Registration number in the field {\"Commodity Type\":\"Fishery products\",\"Expected Question\":\"Do you have the necessary Export Health Certificates (EHCs) stamped and ready for inspection?\"}",
              "timedOut": false,
              "duration": 0,
              "state": null,
              "speed": null,
              "pass": false,
              "fail": false,
              "pending": false,
              "context": null,
              "code": "runSteps(addExampleInTable(exampleSteps, current)",
              "err": {},
              "uuid": "4cd6ef90-26d7-4160-aabd-fe5da5d28911",
              "parentUUID": null,
              "isHook": false,
              "skipped": true
            },
            {
              "title": "User is in home page screen with an empty vehicle when departing from Great Britain, navigates to What is the commodities screen and user enters Registration number in the field {\"Commodity Type\":\"Plant and plant based products\",\"Expected Question\":\"Do you have all necessary Phytosanitary documents for regulated plants/plant products?\"}",
              "fullTitle": "Screen level validations for Is the vehicle carrying any of the following goods that require special documentation @no User is in home page screen with an empty vehicle when departing from Great Britain, navigates to What is the commodities screen and user enters Registration number in the field {\"Commodity Type\":\"Plant and plant based products\",\"Expected Question\":\"Do you have all necessary Phytosanitary documents for regulated plants/plant products?\"}",
              "timedOut": false,
              "duration": 0,
              "state": null,
              "speed": null,
              "pass": false,
              "fail": false,
              "pending": false,
              "context": null,
              "code": "runSteps(addExampleInTable(exampleSteps, current)",
              "err": {},
              "uuid": "4ce8653a-53a3-4339-830b-156ef4dd48d7",
              "parentUUID": null,
              "isHook": false,
              "skipped": true
            },
            {
              "title": "User is in home page screen with an empty vehicle when departing from Great Britain, navigates to What is the commodities screen and user enters Registration number in the field {\"Commodity Type\":\"Other restricted goods\",\"Expected Question\":\"Are you carrying the required documents for any restricted goods?\"}",
              "fullTitle": "Screen level validations for Is the vehicle carrying any of the following goods that require special documentation @no User is in home page screen with an empty vehicle when departing from Great Britain, navigates to What is the commodities screen and user enters Registration number in the field {\"Commodity Type\":\"Other restricted goods\",\"Expected Question\":\"Are you carrying the required documents for any restricted goods?\"}",
              "timedOut": false,
              "duration": 0,
              "state": null,
              "speed": null,
              "pass": false,
              "fail": false,
              "pending": false,
              "context": null,
              "code": "runSteps(addExampleInTable(exampleSteps, current)",
              "err": {},
              "uuid": "c6ae1072-70b2-4f11-83a8-79be9dce4817",
              "parentUUID": null,
              "isHook": false,
              "skipped": true
            },
            {
              "title": "User is in home page screen with an empty vehicle when departing from Great Britain, navigates to What is the commodities screen and user enters Registration number in the field {\"Commodity Type\":\"None of the above\",\"Expected Question\":\"To which email address should we send the permit?\"}",
              "fullTitle": "Screen level validations for Is the vehicle carrying any of the following goods that require special documentation @no User is in home page screen with an empty vehicle when departing from Great Britain, navigates to What is the commodities screen and user enters Registration number in the field {\"Commodity Type\":\"None of the above\",\"Expected Question\":\"To which email address should we send the permit?\"}",
              "timedOut": false,
              "duration": 0,
              "state": null,
              "speed": null,
              "pass": false,
              "fail": false,
              "pending": false,
              "context": null,
              "code": "runSteps(addExampleInTable(exampleSteps, current)",
              "err": {},
              "uuid": "28f9db51-6cc5-4c65-aa75-a69cd29676e6",
              "parentUUID": null,
              "isHook": false,
              "skipped": true
            }
          ],
          "suites": [],
          "passes": [],
          "failures": [],
          "pending": [],
          "skipped": [
            "fb7e338d-72bc-41f5-b6f2-73087d2b7259",
            "67e275e4-a141-48a2-a991-45eed09a6d00",
            "4cd6ef90-26d7-4160-aabd-fe5da5d28911",
            "4ce8653a-53a3-4339-830b-156ef4dd48d7",
            "c6ae1072-70b2-4f11-83a8-79be9dce4817",
            "28f9db51-6cc5-4c65-aa75-a69cd29676e6"
          ],
          "duration": 0,
          "root": false,
          "rootEmpty": false,
          "_timeout": 0
        }
      ],
      "passes": [],
      "failures": [],
      "pending": [],
      "skipped": [],
      "duration": 0,
      "root": true,
      "rootEmpty": true,
      "_timeout": 0
    }
  ],
  "meta": {
    "mocha": {
      "version": "8.2.1"
    },
    "mochawesome": {
      "options": {
        "quiet": false,
        "reportFilename": "mochawesome",
        "saveHtml": true,
        "saveJson": true,
        "consoleReporter": "spec",
        "useInlineDiffs": false,
        "code": true
      },
      "version": "6.2.1"
    },
    "marge": {
      "options": {
        "reportDir": "output"
      },
      "version": "5.1.0"
    }
  }
}